/* 2019-09-25 20:42:36 [] */ /* Escrevendo o arquivo de log de sessão agora: C:\laragon\www\larfeliz\logDB\logDB.txt\000002.log */
/* 2019-09-25 20:42:37 [Laragon] */ /* Conectando em localhost via MySQL (TCP/IP), usuário root, usando a senha: No... */
/* 2019-09-25 20:42:37 [Laragon] */ SELECT CONNECTION_ID();
/* 2019-09-25 20:42:37 [Laragon] */ /* Conectado. Thread-ID: 727 */
/* 2019-09-25 20:42:37 [Laragon] */ /* CharacterSet: utf8mb4 */
/* 2019-09-25 20:42:37 [Laragon] */ SHOW STATUS;
/* 2019-09-25 20:42:37 [Laragon] */ SHOW VARIABLES;
/* 2019-09-25 20:42:37 [Laragon] */ SHOW DATABASES;
/* 2019-09-25 20:42:37 [Laragon] */ SHOW OPEN TABLES FROM lar_feliz WHERE `in_use`!=0;
/* 2019-09-25 20:42:37 [Laragon] */ USE `lar_feliz`;
/* 2019-09-25 20:42:37 [] */ /* Entrando na sessão "Laragon" */
/* 2019-09-25 20:42:37 [Laragon] */ SELECT `DEFAULT_COLLATION_NAME` FROM `information_schema`.`SCHEMATA` WHERE `SCHEMA_NAME`='lar_feliz';
/* 2019-09-25 20:42:37 [Laragon] */ SHOW TABLE STATUS FROM `lar_feliz`;
/* 2019-09-25 20:42:37 [Laragon] */ SHOW FUNCTION STATUS WHERE `Db`='lar_feliz';
/* 2019-09-25 20:42:37 [Laragon] */ SHOW PROCEDURE STATUS WHERE `Db`='lar_feliz';
/* 2019-09-25 20:42:37 [Laragon] */ SHOW TRIGGERS FROM `lar_feliz`;
/* 2019-09-25 20:42:37 [Laragon] */ SELECT `DEFAULT_COLLATION_NAME` FROM `information_schema`.`SCHEMATA` WHERE `SCHEMA_NAME`='information_schema';
/* 2019-09-25 20:42:37 [Laragon] */ SHOW TABLE STATUS FROM `information_schema`;
/* 2019-09-25 20:42:37 [Laragon] */ SHOW FUNCTION STATUS WHERE `Db`='information_schema';
/* 2019-09-25 20:42:37 [Laragon] */ SHOW PROCEDURE STATUS WHERE `Db`='information_schema';
/* 2019-09-25 20:42:37 [Laragon] */ SHOW TRIGGERS FROM `information_schema`;
/* 2019-09-25 20:42:37 [Laragon] */ SHOW EVENTS FROM `information_schema`;
/* 2019-09-25 20:42:37 [Laragon] */ SELECT *, EVENT_SCHEMA AS `Db`, EVENT_NAME AS `Name` FROM information_schema.`EVENTS` WHERE `EVENT_SCHEMA`='lar_feliz';
/* 2019-09-25 20:42:42 [Laragon] */ SHOW CREATE TABLE `lar_feliz`.`ocorrencia`;
/* 2019-09-25 20:42:42 [Laragon] */ SHOW COLLATION;
/* 2019-09-25 20:42:42 [Laragon] */ SHOW ENGINES;
/* 2019-09-25 20:42:48 [Laragon] */ SELECT  `id`,  `fk_id_pessoal`,  `tipo`,  `data`,  `fato`,  `anexo_bo`,  LEFT(`descricao_obs`, 256),  `update_at` FROM `lar_feliz`.`ocorrencia` LIMIT 1000;
/* 2019-09-25 20:42:48 [Laragon] */ SHOW CREATE TABLE `lar_feliz`.`ocorrencia`;
/* 2019-09-25 20:42:53 [Laragon] */ UPDATE `lar_feliz`.`ocorrencia` SET `data`='2019-09-25' WHERE  `id`=1;
/* 2019-09-25 20:42:53 [Laragon] */ SELECT `id`, `fk_id_pessoal`, `tipo`, `data`, `fato`, `anexo_bo`, `descricao_obs`, `update_at` FROM `lar_feliz`.`ocorrencia` WHERE  `id`=1;
/* 2019-09-25 20:43:01 [Laragon] */ ALTER TABLE `ocorrencia`
	CHANGE COLUMN `data` `data` VARCHAR(10) NULL DEFAULT NULL COLLATE 'utf8_bin' AFTER `tipo`;
/* 2019-09-25 20:43:02 [Laragon] */ SELECT `DEFAULT_COLLATION_NAME` FROM `information_schema`.`SCHEMATA` WHERE `SCHEMA_NAME`='lar_feliz';
/* 2019-09-25 20:43:02 [Laragon] */ SHOW TABLE STATUS FROM `lar_feliz`;
/* 2019-09-25 20:43:02 [Laragon] */ SHOW FUNCTION STATUS WHERE `Db`='lar_feliz';
/* 2019-09-25 20:43:02 [Laragon] */ SHOW PROCEDURE STATUS WHERE `Db`='lar_feliz';
/* 2019-09-25 20:43:02 [Laragon] */ SHOW TRIGGERS FROM `lar_feliz`;
/* 2019-09-25 20:43:02 [Laragon] */ SELECT *, EVENT_SCHEMA AS `Db`, EVENT_NAME AS `Name` FROM information_schema.`EVENTS` WHERE `EVENT_SCHEMA`='lar_feliz';
/* 2019-09-25 20:43:02 [Laragon] */ SHOW CREATE TABLE `lar_feliz`.`ocorrencia`;
/* 2019-09-25 20:43:02 [] */ /* Entrando na sessão "Laragon" */
/* 2019-09-25 20:43:02 [Laragon] */ SHOW CREATE TABLE `lar_feliz`.`ocorrencia`;
