/* 2019-09-25 21:08:46 [] */ /* Escrevendo o arquivo de log de sessão agora: C:\laragon\www\larfeliz\logDB\logDB.txt\000004.log */
/* 2019-09-25 21:09:01 [Laragon] */ /* Conectando em localhost via MySQL (TCP/IP), usuário root, usando a senha: No... */
/* 2019-09-25 21:09:01 [Laragon] */ SELECT CONNECTION_ID();
/* 2019-09-25 21:09:01 [Laragon] */ /* Conectado. Thread-ID: 831 */
/* 2019-09-25 21:09:01 [Laragon] */ /* CharacterSet: utf8mb4 */
/* 2019-09-25 21:09:01 [Laragon] */ SHOW STATUS;
/* 2019-09-25 21:09:01 [Laragon] */ SHOW VARIABLES;
/* 2019-09-25 21:09:01 [Laragon] */ SHOW DATABASES;
/* 2019-09-25 21:09:01 [Laragon] */ SHOW OPEN TABLES FROM lar_feliz WHERE `in_use`!=0;
/* 2019-09-25 21:09:01 [Laragon] */ USE `lar_feliz`;
/* 2019-09-25 21:09:01 [] */ /* Entrando na sessão "Laragon" */
/* 2019-09-25 21:09:01 [Laragon] */ SELECT `DEFAULT_COLLATION_NAME` FROM `information_schema`.`SCHEMATA` WHERE `SCHEMA_NAME`='lar_feliz';
/* 2019-09-25 21:09:01 [Laragon] */ SHOW TABLE STATUS FROM `lar_feliz`;
/* 2019-09-25 21:09:01 [Laragon] */ SHOW FUNCTION STATUS WHERE `Db`='lar_feliz';
/* 2019-09-25 21:09:01 [Laragon] */ SHOW PROCEDURE STATUS WHERE `Db`='lar_feliz';
/* 2019-09-25 21:09:02 [Laragon] */ SHOW TRIGGERS FROM `lar_feliz`;
/* 2019-09-25 21:09:02 [Laragon] */ SELECT `DEFAULT_COLLATION_NAME` FROM `information_schema`.`SCHEMATA` WHERE `SCHEMA_NAME`='information_schema';
/* 2019-09-25 21:09:02 [Laragon] */ SHOW TABLE STATUS FROM `information_schema`;
/* 2019-09-25 21:09:02 [Laragon] */ SHOW FUNCTION STATUS WHERE `Db`='information_schema';
/* 2019-09-25 21:09:02 [Laragon] */ SHOW PROCEDURE STATUS WHERE `Db`='information_schema';
/* 2019-09-25 21:09:02 [Laragon] */ SHOW TRIGGERS FROM `information_schema`;
/* 2019-09-25 21:09:02 [Laragon] */ SHOW EVENTS FROM `information_schema`;
/* 2019-09-25 21:09:02 [Laragon] */ SELECT *, EVENT_SCHEMA AS `Db`, EVENT_NAME AS `Name` FROM information_schema.`EVENTS` WHERE `EVENT_SCHEMA`='lar_feliz';
/* 2019-09-25 21:09:09 [Laragon] */ SHOW CREATE TABLE `lar_feliz`.`registro_tecnico`;
/* 2019-09-25 21:09:09 [Laragon] */ SHOW COLLATION;
/* 2019-09-25 21:09:09 [Laragon] */ SHOW ENGINES;
/* 2019-09-25 21:09:25 [Laragon] */ ALTER TABLE `registro_tecnico`
	CHANGE COLUMN `data_visita_familiar` `data_visita_familiar` VARCHAR(50) NULL DEFAULT NULL AFTER `audiencia_declaracao_obs`;
/* 2019-09-25 21:09:26 [Laragon] */ SELECT `DEFAULT_COLLATION_NAME` FROM `information_schema`.`SCHEMATA` WHERE `SCHEMA_NAME`='lar_feliz';
/* 2019-09-25 21:09:26 [Laragon] */ SHOW TABLE STATUS FROM `lar_feliz`;
/* 2019-09-25 21:09:26 [Laragon] */ SHOW FUNCTION STATUS WHERE `Db`='lar_feliz';
/* 2019-09-25 21:09:26 [Laragon] */ SHOW PROCEDURE STATUS WHERE `Db`='lar_feliz';
/* 2019-09-25 21:09:26 [Laragon] */ SHOW TRIGGERS FROM `lar_feliz`;
/* 2019-09-25 21:09:26 [Laragon] */ SELECT *, EVENT_SCHEMA AS `Db`, EVENT_NAME AS `Name` FROM information_schema.`EVENTS` WHERE `EVENT_SCHEMA`='lar_feliz';
/* 2019-09-25 21:09:26 [Laragon] */ SHOW CREATE TABLE `lar_feliz`.`registro_tecnico`;
/* 2019-09-25 21:09:26 [] */ /* Entrando na sessão "Laragon" */
/* 2019-09-25 21:09:26 [Laragon] */ SHOW CREATE TABLE `lar_feliz`.`registro_tecnico`;
/* 2019-09-25 21:09:27 [Laragon] */ SELECT  `id`,  `fk_id_filiacao_visita`,  `fk_id_pessoal`,  `visita_domiciliar`,  `informacoes_sobre_visita`,  `data_audiencia`,  LEFT(`audiencia_declaracao_obs`, 256),  `data_visita_familiar`,  `update_at` FROM `lar_feliz`.`registro_tecnico` LIMIT 1000;
/* 2019-09-25 21:09:27 [Laragon] */ SHOW CREATE TABLE `lar_feliz`.`registro_tecnico`;
/* 2019-09-25 21:09:33 [Laragon] */ UPDATE `lar_feliz`.`registro_tecnico` SET `data_visita_familiar`='2019-09-25' WHERE  `id`=1;
/* 2019-09-25 21:09:33 [Laragon] */ SELECT `id`, `fk_id_filiacao_visita`, `fk_id_pessoal`, `visita_domiciliar`, `informacoes_sobre_visita`, `data_audiencia`, `audiencia_declaracao_obs`, `data_visita_familiar`, `update_at` FROM `lar_feliz`.`registro_tecnico` WHERE  `id`=1;
/* 2019-09-25 21:13:40 [Laragon] */ SELECT * FROM vw_registro_tecnico;
/* 2019-09-25 21:13:40 [] */ /* Registros afetados: 0  Registros encontrados: 1  Avisos: 0  Duração de 1 consulta: 0,000 sec. */
/* 2019-09-25 21:30:25 [Laragon] */ SELECT * FROM registro_tecnico;
/* 2019-09-25 21:30:25 [] */ /* Registros afetados: 0  Registros encontrados: 1  Avisos: 0  Duração de 1 consulta: 0,000 sec. */
/* 2019-09-25 21:35:21 [Laragon] */ SELECT * FROM vw_registro_tecnico;
/* 2019-09-25 21:35:21 [] */ /* Registros afetados: 0  Registros encontrados: 1  Avisos: 0  Duração de 1 consulta: 0,000 sec. */
/* 2019-09-25 21:37:46 [Laragon] */ SELECT * FROM registro_tecnico;
/* 2019-09-25 21:37:46 [] */ /* Registros afetados: 0  Registros encontrados: 1  Avisos: 0  Duração de 1 consulta: 0,000 sec. */
/* 2019-09-25 21:43:00 [Laragon] */ SHOW CHARSET;
/* 2019-09-25 21:43:13 [Laragon] */ SELECT 'lar_feliz' AS `Database`, 'admin' AS `Table`, 0 AS `Rows`, 0 AS `Duration`;
/* 2019-09-25 21:43:13 [Laragon] */ /*!40101 SET @OLD_LOCAL_SQL_MODE=@@SQL_MODE, SQL_MODE='' */;
/* 2019-09-25 21:43:13 [Laragon] */ SHOW CREATE DATABASE `lar_feliz`;
/* 2019-09-25 21:43:13 [Laragon] */ SHOW CREATE TABLE `lar_feliz`.`admin`;
/* 2019-09-25 21:43:13 [Laragon] */ SELECT * FROM `lar_feliz`.`admin` LIMIT 104857600;
/* 2019-09-25 21:43:13 [Laragon] */ SELECT 'lar_feliz' AS `Database`, 'atividade' AS `Table`, 1 AS `Rows`, 0 AS `Duration`;
/* 2019-09-25 21:43:13 [Laragon] */ SHOW CREATE DATABASE `lar_feliz`;
/* 2019-09-25 21:43:13 [Laragon] */ SHOW CREATE TABLE `lar_feliz`.`atividade`;
/* 2019-09-25 21:43:13 [Laragon] */ SELECT * FROM `lar_feliz`.`atividade` LIMIT 6400;
/* 2019-09-25 21:43:13 [Laragon] */ SHOW CREATE TABLE `lar_feliz`.`atividade`;
/* 2019-09-25 21:43:13 [Laragon] */ SELECT 'lar_feliz' AS `Database`, 'dados_pessoais' AS `Table`, 2 AS `Rows`, 0 AS `Duration`;
/* 2019-09-25 21:43:13 [Laragon] */ SHOW CREATE DATABASE `lar_feliz`;
/* 2019-09-25 21:43:13 [Laragon] */ SHOW CREATE TABLE `lar_feliz`.`dados_pessoais`;
/* 2019-09-25 21:43:13 [Laragon] */ SELECT * FROM `lar_feliz`.`dados_pessoais` LIMIT 12800;
/* 2019-09-25 21:43:13 [Laragon] */ SHOW CREATE TABLE `lar_feliz`.`dados_pessoais`;
/* 2019-09-25 21:43:13 [Laragon] */ SELECT 'lar_feliz' AS `Database`, 'educacao' AS `Table`, 1 AS `Rows`, 0 AS `Duration`;
/* 2019-09-25 21:43:13 [Laragon] */ SHOW CREATE DATABASE `lar_feliz`;
/* 2019-09-25 21:43:13 [Laragon] */ SHOW CREATE TABLE `lar_feliz`.`educacao`;
/* 2019-09-25 21:43:13 [Laragon] */ SELECT * FROM `lar_feliz`.`educacao` LIMIT 6400;
/* 2019-09-25 21:43:13 [Laragon] */ SHOW CREATE TABLE `lar_feliz`.`educacao`;
/* 2019-09-25 21:43:13 [Laragon] */ SELECT 'lar_feliz' AS `Database`, 'filiacao' AS `Table`, 2 AS `Rows`, 0 AS `Duration`;
/* 2019-09-25 21:43:13 [Laragon] */ SHOW CREATE DATABASE `lar_feliz`;
/* 2019-09-25 21:43:13 [Laragon] */ SHOW CREATE TABLE `lar_feliz`.`filiacao`;
/* 2019-09-25 21:43:13 [Laragon] */ SELECT * FROM `lar_feliz`.`filiacao` LIMIT 12800;
/* 2019-09-25 21:43:13 [Laragon] */ SHOW CREATE TABLE `lar_feliz`.`filiacao`;
/* 2019-09-25 21:43:13 [Laragon] */ SELECT 'lar_feliz' AS `Database`, 'ocorrencia' AS `Table`, 0 AS `Rows`, 0 AS `Duration`;
/* 2019-09-25 21:43:13 [Laragon] */ SHOW CREATE DATABASE `lar_feliz`;
/* 2019-09-25 21:43:13 [Laragon] */ SHOW CREATE TABLE `lar_feliz`.`ocorrencia`;
/* 2019-09-25 21:43:13 [Laragon] */ SELECT * FROM `lar_feliz`.`ocorrencia` LIMIT 104857600;
/* 2019-09-25 21:43:13 [Laragon] */ SHOW CREATE TABLE `lar_feliz`.`ocorrencia`;
/* 2019-09-25 21:43:13 [Laragon] */ SELECT 'lar_feliz' AS `Database`, 'registro_tecnico' AS `Table`, 0 AS `Rows`, 0 AS `Duration`;
/* 2019-09-25 21:43:13 [Laragon] */ SHOW CREATE DATABASE `lar_feliz`;
/* 2019-09-25 21:43:13 [Laragon] */ SHOW CREATE TABLE `lar_feliz`.`registro_tecnico`;
/* 2019-09-25 21:43:13 [Laragon] */ SELECT * FROM `lar_feliz`.`registro_tecnico` LIMIT 104857600;
/* 2019-09-25 21:43:13 [Laragon] */ SHOW CREATE TABLE `lar_feliz`.`registro_tecnico`;
/* 2019-09-25 21:43:13 [Laragon] */ SELECT 'lar_feliz' AS `Database`, 'saude' AS `Table`, 2 AS `Rows`, 0 AS `Duration`;
/* 2019-09-25 21:43:13 [Laragon] */ SHOW CREATE DATABASE `lar_feliz`;
/* 2019-09-25 21:43:13 [Laragon] */ SHOW CREATE TABLE `lar_feliz`.`saude`;
/* 2019-09-25 21:43:13 [Laragon] */ SELECT * FROM `lar_feliz`.`saude` LIMIT 12800;
/* 2019-09-25 21:43:13 [Laragon] */ SHOW CREATE TABLE `lar_feliz`.`saude`;
/* 2019-09-25 21:43:13 [Laragon] */ SELECT 'lar_feliz' AS `Database`, 'vw_atividade' AS `Table`, -1 AS `Rows`, 0 AS `Duration`;
/* 2019-09-25 21:43:13 [Laragon] */ SHOW CREATE DATABASE `lar_feliz`;
/* 2019-09-25 21:43:13 [Laragon] */ SHOW CREATE VIEW `lar_feliz`.`vw_atividade`;
/* 2019-09-25 21:43:13 [Laragon] */ SELECT CAST(LOAD_FILE(CONCAT(IFNULL(@@GLOBAL.datadir, CONCAT(@@GLOBAL.basedir, 'data/')), 'lar_feliz/vw_atividade.frm')) AS CHAR CHARACTER SET utf8);
/* 2019-09-25 21:43:13 [Laragon] */ SELECT * FROM INFORMATION_SCHEMA.COLUMNS WHERE   TABLE_NAME='vw_atividade' AND TABLE_SCHEMA='lar_feliz';
/* 2019-09-25 21:43:13 [Laragon] */ SELECT 'lar_feliz' AS `Database`, 'vw_educacao' AS `Table`, -1 AS `Rows`, 0 AS `Duration`;
/* 2019-09-25 21:43:13 [Laragon] */ SHOW CREATE DATABASE `lar_feliz`;
/* 2019-09-25 21:43:13 [Laragon] */ SHOW CREATE VIEW `lar_feliz`.`vw_educacao`;
/* 2019-09-25 21:43:13 [Laragon] */ SELECT CAST(LOAD_FILE(CONCAT(IFNULL(@@GLOBAL.datadir, CONCAT(@@GLOBAL.basedir, 'data/')), 'lar_feliz/vw_educacao.frm')) AS CHAR CHARACTER SET utf8);
/* 2019-09-25 21:43:13 [Laragon] */ SELECT * FROM INFORMATION_SCHEMA.COLUMNS WHERE   TABLE_NAME='vw_educacao' AND TABLE_SCHEMA='lar_feliz';
/* 2019-09-25 21:43:13 [Laragon] */ SELECT 'lar_feliz' AS `Database`, 'vw_filiacao' AS `Table`, -1 AS `Rows`, 0 AS `Duration`;
/* 2019-09-25 21:43:13 [Laragon] */ SHOW CREATE DATABASE `lar_feliz`;
/* 2019-09-25 21:43:13 [Laragon] */ SHOW CREATE VIEW `lar_feliz`.`vw_filiacao`;
/* 2019-09-25 21:43:13 [Laragon] */ SELECT CAST(LOAD_FILE(CONCAT(IFNULL(@@GLOBAL.datadir, CONCAT(@@GLOBAL.basedir, 'data/')), 'lar_feliz/vw_filiacao.frm')) AS CHAR CHARACTER SET utf8);
/* 2019-09-25 21:43:13 [Laragon] */ SELECT * FROM INFORMATION_SCHEMA.COLUMNS WHERE   TABLE_NAME='vw_filiacao' AND TABLE_SCHEMA='lar_feliz';
/* 2019-09-25 21:43:13 [Laragon] */ SELECT 'lar_feliz' AS `Database`, 'vw_ocorrencia' AS `Table`, -1 AS `Rows`, 0 AS `Duration`;
/* 2019-09-25 21:43:13 [Laragon] */ SHOW CREATE DATABASE `lar_feliz`;
/* 2019-09-25 21:43:13 [Laragon] */ SHOW CREATE VIEW `lar_feliz`.`vw_ocorrencia`;
/* 2019-09-25 21:43:13 [Laragon] */ SELECT CAST(LOAD_FILE(CONCAT(IFNULL(@@GLOBAL.datadir, CONCAT(@@GLOBAL.basedir, 'data/')), 'lar_feliz/vw_ocorrencia.frm')) AS CHAR CHARACTER SET utf8);
/* 2019-09-25 21:43:13 [Laragon] */ SELECT * FROM INFORMATION_SCHEMA.COLUMNS WHERE   TABLE_NAME='vw_ocorrencia' AND TABLE_SCHEMA='lar_feliz';
/* 2019-09-25 21:43:13 [Laragon] */ SELECT 'lar_feliz' AS `Database`, 'vw_registro_tecnico' AS `Table`, -1 AS `Rows`, 0 AS `Duration`;
/* 2019-09-25 21:43:13 [Laragon] */ SHOW CREATE DATABASE `lar_feliz`;
/* 2019-09-25 21:43:13 [Laragon] */ SHOW CREATE VIEW `lar_feliz`.`vw_registro_tecnico`;
/* 2019-09-25 21:43:13 [Laragon] */ SELECT CAST(LOAD_FILE(CONCAT(IFNULL(@@GLOBAL.datadir, CONCAT(@@GLOBAL.basedir, 'data/')), 'lar_feliz/vw_registro_tecnico.frm')) AS CHAR CHARACTER SET utf8);
/* 2019-09-25 21:43:13 [Laragon] */ SELECT * FROM INFORMATION_SCHEMA.COLUMNS WHERE   TABLE_NAME='vw_registro_tecnico' AND TABLE_SCHEMA='lar_feliz';
/* 2019-09-25 21:43:13 [Laragon] */ SELECT 'lar_feliz' AS `Database`, 'vw_saude' AS `Table`, -1 AS `Rows`, 0 AS `Duration`;
/* 2019-09-25 21:43:13 [Laragon] */ SHOW CREATE DATABASE `lar_feliz`;
/* 2019-09-25 21:43:13 [Laragon] */ SHOW CREATE VIEW `lar_feliz`.`vw_saude`;
/* 2019-09-25 21:43:13 [Laragon] */ SELECT CAST(LOAD_FILE(CONCAT(IFNULL(@@GLOBAL.datadir, CONCAT(@@GLOBAL.basedir, 'data/')), 'lar_feliz/vw_saude.frm')) AS CHAR CHARACTER SET utf8);
/* 2019-09-25 21:43:13 [Laragon] */ SELECT * FROM INFORMATION_SCHEMA.COLUMNS WHERE   TABLE_NAME='vw_saude' AND TABLE_SCHEMA='lar_feliz';
/* 2019-09-25 21:43:13 [Laragon] */ SELECT 'lar_feliz' AS `Database`, 'vw_atividade' AS `Table`, -1 AS `Rows`, 0 AS `Duration`;
/* 2019-09-25 21:43:13 [Laragon] */ SHOW CREATE DATABASE `lar_feliz`;
/* 2019-09-25 21:43:13 [Laragon] */ SELECT 'lar_feliz' AS `Database`, 'vw_educacao' AS `Table`, -1 AS `Rows`, 0 AS `Duration`;
/* 2019-09-25 21:43:13 [Laragon] */ SHOW CREATE DATABASE `lar_feliz`;
/* 2019-09-25 21:43:13 [Laragon] */ SELECT 'lar_feliz' AS `Database`, 'vw_filiacao' AS `Table`, -1 AS `Rows`, 0 AS `Duration`;
/* 2019-09-25 21:43:13 [Laragon] */ SHOW CREATE DATABASE `lar_feliz`;
/* 2019-09-25 21:43:13 [Laragon] */ SELECT 'lar_feliz' AS `Database`, 'vw_ocorrencia' AS `Table`, -1 AS `Rows`, 0 AS `Duration`;
/* 2019-09-25 21:43:13 [Laragon] */ SHOW CREATE DATABASE `lar_feliz`;
/* 2019-09-25 21:43:13 [Laragon] */ SELECT 'lar_feliz' AS `Database`, 'vw_registro_tecnico' AS `Table`, -1 AS `Rows`, 0 AS `Duration`;
/* 2019-09-25 21:43:13 [Laragon] */ SHOW CREATE DATABASE `lar_feliz`;
/* 2019-09-25 21:43:13 [Laragon] */ SELECT 'lar_feliz' AS `Database`, 'vw_saude' AS `Table`, -1 AS `Rows`, 0 AS `Duration`;
/* 2019-09-25 21:43:13 [Laragon] */ SHOW CREATE DATABASE `lar_feliz`;
/* 2019-09-25 21:43:13 [Laragon] */ /*!40101 SET SQL_MODE=IFNULL(@OLD_LOCAL_SQL_MODE, '') */;
