/* 2019-09-25 21:07:31 [] */ /* Escrevendo o arquivo de log de sessão agora: C:\laragon\www\larfeliz\logDB\logDB.txt\000003.log */
/* 2019-09-25 21:07:33 [Laragon] */ /* Conectando em localhost via MySQL (TCP/IP), usuário root, usando a senha: No... */
/* 2019-09-25 21:07:33 [Laragon] */ SELECT CONNECTION_ID();
/* 2019-09-25 21:07:33 [Laragon] */ /* Conectado. Thread-ID: 826 */
/* 2019-09-25 21:07:33 [Laragon] */ /* CharacterSet: utf8mb4 */
/* 2019-09-25 21:07:33 [Laragon] */ SHOW STATUS;
/* 2019-09-25 21:07:33 [Laragon] */ SHOW VARIABLES;
/* 2019-09-25 21:07:33 [Laragon] */ SHOW DATABASES;
/* 2019-09-25 21:07:33 [Laragon] */ SHOW OPEN TABLES FROM lar_feliz WHERE `in_use`!=0;
/* 2019-09-25 21:07:33 [Laragon] */ USE `lar_feliz`;
/* 2019-09-25 21:07:33 [] */ /* Entrando na sessão "Laragon" */
/* 2019-09-25 21:07:33 [Laragon] */ SELECT `DEFAULT_COLLATION_NAME` FROM `information_schema`.`SCHEMATA` WHERE `SCHEMA_NAME`='lar_feliz';
/* 2019-09-25 21:07:33 [Laragon] */ SHOW TABLE STATUS FROM `lar_feliz`;
/* 2019-09-25 21:07:33 [Laragon] */ SHOW FUNCTION STATUS WHERE `Db`='lar_feliz';
/* 2019-09-25 21:07:33 [Laragon] */ SHOW PROCEDURE STATUS WHERE `Db`='lar_feliz';
/* 2019-09-25 21:07:33 [Laragon] */ SHOW TRIGGERS FROM `lar_feliz`;
/* 2019-09-25 21:07:33 [Laragon] */ SELECT `DEFAULT_COLLATION_NAME` FROM `information_schema`.`SCHEMATA` WHERE `SCHEMA_NAME`='information_schema';
/* 2019-09-25 21:07:33 [Laragon] */ SHOW TABLE STATUS FROM `information_schema`;
/* 2019-09-25 21:07:33 [Laragon] */ SHOW FUNCTION STATUS WHERE `Db`='information_schema';
/* 2019-09-25 21:07:33 [Laragon] */ SHOW PROCEDURE STATUS WHERE `Db`='information_schema';
/* 2019-09-25 21:07:33 [Laragon] */ SHOW TRIGGERS FROM `information_schema`;
/* 2019-09-25 21:07:33 [Laragon] */ SHOW EVENTS FROM `information_schema`;
/* 2019-09-25 21:07:33 [Laragon] */ SELECT *, EVENT_SCHEMA AS `Db`, EVENT_NAME AS `Name` FROM information_schema.`EVENTS` WHERE `EVENT_SCHEMA`='lar_feliz';
/* 2019-09-25 21:07:35 [Laragon] */ SHOW CREATE TABLE `lar_feliz`.`registro_tecnico`;
/* 2019-09-25 21:07:35 [Laragon] */ SHOW COLLATION;
/* 2019-09-25 21:07:35 [Laragon] */ SHOW ENGINES;
/* 2019-09-25 21:07:53 [Laragon] */ ALTER TABLE `registro_tecnico`
	CHANGE COLUMN `data_audiencia` `data_audiencia` VARCHAR(50) NULL DEFAULT NULL AFTER `informacoes_sobre_visita`;
/* 2019-09-25 21:07:54 [Laragon] */ SELECT `DEFAULT_COLLATION_NAME` FROM `information_schema`.`SCHEMATA` WHERE `SCHEMA_NAME`='lar_feliz';
/* 2019-09-25 21:07:54 [Laragon] */ SHOW TABLE STATUS FROM `lar_feliz`;
/* 2019-09-25 21:07:54 [Laragon] */ SHOW FUNCTION STATUS WHERE `Db`='lar_feliz';
/* 2019-09-25 21:07:54 [Laragon] */ SHOW PROCEDURE STATUS WHERE `Db`='lar_feliz';
/* 2019-09-25 21:07:54 [Laragon] */ SHOW TRIGGERS FROM `lar_feliz`;
/* 2019-09-25 21:07:54 [Laragon] */ SELECT *, EVENT_SCHEMA AS `Db`, EVENT_NAME AS `Name` FROM information_schema.`EVENTS` WHERE `EVENT_SCHEMA`='lar_feliz';
/* 2019-09-25 21:07:54 [Laragon] */ SHOW CREATE TABLE `lar_feliz`.`registro_tecnico`;
/* 2019-09-25 21:07:54 [] */ /* Entrando na sessão "Laragon" */
/* 2019-09-25 21:07:54 [Laragon] */ SHOW CREATE TABLE `lar_feliz`.`registro_tecnico`;
/* 2019-09-25 21:08:00 [Laragon] */ SELECT  `id`,  `fk_id_filiacao_visita`,  `fk_id_pessoal`,  `visita_domiciliar`,  `informacoes_sobre_visita`,  `data_audiencia`,  LEFT(`audiencia_declaracao_obs`, 256),  `data_visita_familiar`,  `update_at` FROM `lar_feliz`.`registro_tecnico` LIMIT 1000;
/* 2019-09-25 21:08:00 [Laragon] */ SHOW CREATE TABLE `lar_feliz`.`registro_tecnico`;
/* 2019-09-25 21:08:33 [Laragon] */ INSERT INTO `lar_feliz`.`registro_tecnico` (`fk_id_filiacao_visita`, `fk_id_pessoal`, `visita_domiciliar`, `informacoes_sobre_visita`, `data_audiencia`, `audiencia_declaracao_obs`, `data_visita_familiar`) VALUES ('4', '14', 'Sim', 'Muito bom', '16/03/2020', 'Sem obs', '2019-09-25 21:08:29');
/* 2019-09-25 21:08:33 [Laragon] */ SELECT LAST_INSERT_ID();
/* 2019-09-25 21:08:33 [Laragon] */ SELECT `id`, `fk_id_filiacao_visita`, `fk_id_pessoal`, `visita_domiciliar`, `informacoes_sobre_visita`, `data_audiencia`, `audiencia_declaracao_obs`, `data_visita_familiar`, `update_at` FROM `lar_feliz`.`registro_tecnico