/* 2019-09-25 15:51:37 [] */ /* Escrevendo o arquivo de log de sessão agora: C:\laragon\www\larfeliz\logDB\000001.log */
/* 2019-09-25 15:51:53 [Laragon] */ SELECT * FROM registro_tecnico;
/* 2019-09-25 15:51:53 [] */ /* Registros afetados: 0  Registros encontrados: 0  Avisos: 0  Duração de 1 consulta: 0,000 sec. */
/* 2019-09-25 15:52:06 [Laragon] */ SHOW VARIABLES LIKE 'collation_server';
/* 2019-09-25 15:52:06 [Laragon] */ SHOW CREATE DATABASE `lar_feliz`;
/* 2019-09-25 15:52:11 [Laragon] */ SHOW CHARSET;
/* 2019-09-25 15:52:29 [Laragon] */ SELECT 'lar_feliz' AS `Database`, 'admin' AS `Table`, 0 AS `Rows`, 0 AS `Duration`;
/* 2019-09-25 15:52:29 [Laragon] */ /*!40101 SET @OLD_LOCAL_SQL_MODE=@@SQL_MODE, SQL_MODE='' */;
/* 2019-09-25 15:52:29 [Laragon] */ SHOW CREATE DATABASE `lar_feliz`;
/* 2019-09-25 15:52:29 [Laragon] */ SHOW CREATE TABLE `lar_feliz`.`admin`;
/* 2019-09-25 15:52:29 [Laragon] */ SELECT * FROM `lar_feliz`.`admin` LIMIT 104857600;
/* 2019-09-25 15:52:29 [Laragon] */ SELECT 'lar_feliz' AS `Database`, 'atividade' AS `Table`, 0 AS `Rows`, 0 AS `Duration`;
/* 2019-09-25 15:52:29 [Laragon] */ SHOW CREATE DATABASE `lar_feliz`;
/* 2019-09-25 15:52:29 [Laragon] */ SHOW CREATE TABLE `lar_feliz`.`atividade`;
/* 2019-09-25 15:52:29 [Laragon] */ SELECT * FROM `lar_feliz`.`atividade` LIMIT 104857600;
/* 2019-09-25 15:52:29 [Laragon] */ SELECT 'lar_feliz' AS `Database`, 'dados_pessoais' AS `Table`, 3 AS `Rows`, 0 AS `Duration`;
/* 2019-09-25 15:52:29 [Laragon] */ SHOW CREATE DATABASE `lar_feliz`;
/* 2019-09-25 15:52:29 [Laragon] */ SHOW CREATE TABLE `lar_feliz`.`dados_pessoais`;
/* 2019-09-25 15:52:29 [Laragon] */ SELECT * FROM `lar_feliz`.`dados_pessoais` LIMIT 19201;
/* 2019-09-25 15:52:29 [Laragon] */ SHOW CREATE TABLE `lar_feliz`.`dados_pessoais`;
/* 2019-09-25 15:52:29 [Laragon] */ SELECT 'lar_feliz' AS `Database`, 'educacao' AS `Table`, 0 AS `Rows`, 0 AS `Duration`;
/* 2019-09-25 15:52:29 [Laragon] */ SHOW CREATE DATABASE `lar_feliz`;
/* 2019-09-25 15:52:29 [Laragon] */ SHOW CREATE TABLE `lar_feliz`.`educacao`;
/* 2019-09-25 15:52:29 [Laragon] */ SELECT * FROM `lar_feliz`.`educacao` LIMIT 104857600;
/* 2019-09-25 15:52:29 [Laragon] */ SELECT 'lar_feliz' AS `Database`, 'filiacao' AS `Table`, 3 AS `Rows`, 0 AS `Duration`;
/* 2019-09-25 15:52:29 [Laragon] */ SHOW CREATE DATABASE `lar_feliz`;
/* 2019-09-25 15:52:29 [Laragon] */ SHOW CREATE TABLE `lar_feliz`.`filiacao`;
/* 2019-09-25 15:52:29 [Laragon] */ SELECT * FROM `lar_feliz`.`filiacao` LIMIT 19201;
/* 2019-09-25 15:52:29 [Laragon] */ SHOW CREATE TABLE `lar_feliz`.`filiacao`;
/* 2019-09-25 15:52:29 [Laragon] */ SELECT 'lar_feliz' AS `Database`, 'ocorrencia' AS `Table`, 0 AS `Rows`, 0 AS `Duration`;
/* 2019-09-25 15:52:29 [Laragon] */ SHOW CREATE DATABASE `lar_feliz`;
/* 2019-09-25 15:52:29 [Laragon] */ SHOW CREATE TABLE `lar_feliz`.`ocorrencia`;
/* 2019-09-25 15:52:29 [Laragon] */ SELECT * FROM `lar_feliz`.`ocorrencia` LIMIT 104857600;
/* 2019-09-25 15:52:29 [Laragon] */ SELECT 'lar_feliz' AS `Database`, 'registro_tecnico' AS `Table`, 0 AS `Rows`, 0 AS `Duration`;
/* 2019-09-25 15:52:29 [Laragon] */ SHOW CREATE DATABASE `lar_feliz`;
/* 2019-09-25 15:52:29 [Laragon] */ SHOW CREATE TABLE `lar_feliz`.`registro_tecnico`;
/* 2019-09-25 15:52:29 [Laragon] */ SELECT * FROM `lar_feliz`.`registro_tecnico` LIMIT 104857600;
/* 2019-09-25 15:52:29 [Laragon] */ SELECT 'lar_feliz' AS `Database`, 'saude' AS `Table`, 2 AS `Rows`, 0 AS `Duration`;
/* 2019-09-25 15:52:29 [Laragon] */ SHOW CREATE DATABASE `lar_feliz`;
/* 2019-09-25 15:52:29 [Laragon] */ SHOW CREATE TABLE `lar_feliz`.`saude`;
/* 2019-09-25 15:52:29 [Laragon] */ SELECT * FROM `lar_feliz`.`saude` LIMIT 12800;
/* 2019-09-25 15:52:29 [Laragon] */ SHOW CREATE TABLE `lar_feliz`.`saude`;
/* 2019-09-25 15:52:29 [Laragon] */ SELECT 'lar_feliz' AS `Database`, 'vw_filiacao' AS `Table`, -1 AS `Rows`, 0 AS `Duration`;
/* 2019-09-25 15:52:29 [Laragon] */ SHOW CREATE DATABASE `lar_feliz`;
/* 2019-09-25 15:52:29 [Laragon] */ SHOW CREATE VIEW `lar_feliz`.`vw_filiacao`;
/* 2019-09-25 15:52:29 [Laragon] */ SELECT CAST(LOAD_FILE(CONCAT(IFNULL(@@GLOBAL.datadir, CONCAT(@@GLOBAL.basedir, 'data/')), 'lar_feliz/vw_filiacao.frm')) AS CHAR CHARACTER SET utf8);
/* 2019-09-25 15:52:29 [Laragon] */ SELECT * FROM INFORMATION_SCHEMA.COLUMNS WHERE   TABLE_NAME='vw_filiacao' AND TABLE_SCHEMA='lar_feliz';
/* 2019-09-25 15:52:29 [Laragon] */ SELECT 'lar_feliz' AS `Database`, 'vw_saude' AS `Table`, -1 AS `Rows`, 0 AS `Duration`;
/* 2019-09-25 15:52:29 [Laragon] */ SHOW CREATE DATABASE `lar_feliz`;
/* 2019-09-25 15:52:29 [Laragon] */ SHOW CREATE VIEW `lar_feliz`.`vw_saude`;
/* 2019-09-25 15:52:29 [Laragon] */ SELECT CAST(LOAD_FILE(CONCAT(IFNULL(@@GLOBAL.datadir, CONCAT(@@GLOBAL.basedir, 'data/')), 'lar_feliz/vw_saude.frm')) AS CHAR CHARACTER SET utf8);
/* 2019-09-25 15:52:29 [Laragon] */ SELECT * FROM INFORMATION_SCHEMA.COLUMNS WHERE   TABLE_NAME='vw_saude' AND TABLE_SCHEMA='lar_feliz';
/* 2019-09-25 15:52:29 [Laragon] */ SELECT 'lar_feliz' AS `Database`, 'vw_filiacao' AS `Table`, -1 AS `Rows`, 0 AS `Duration`;
/* 2019-09-25 15:52:29 [Laragon] */ SHOW CREATE DATABASE `lar_feliz`;
/* 2019-09-25 15:52:29 [Laragon] */ SELECT 'lar_feliz' AS `Database`, 'vw_saude' AS `Table`, -1 AS `Rows`, 0 AS `Duration`;
/* 2019-09-25 15:52:29 [Laragon] */ SHOW CREATE DATABASE `lar_feliz`;
/* 2019-09-25 15:52:29 [Laragon] */ /*!40101 SET SQL_MODE=IFNULL(@OLD_LOCAL_SQL_MODE, '') */;
/* 2019-09-25 15:52:34 [Laragon] */ SELECT * FROM INFORMATION_SCHEMA.COLUMNS WHERE   TABLE_NAME='vw_filiacao' AND TABLE_SCHEMA='lar_feliz';
/* 2019-09-25 15:52:34 [Laragon] */ SELECT CURRENT_USER();
/* 2019-09-25 15:52:38 [Laragon] */ SELECT d.nome, d.caminho_foto, f.* FROM filiacao f INNER JOIN dados_pessoais d ON d.id = f.fk_id_pessoal ;
/* 2019-09-25 15:52:38 [] */ /* Registros afetados: 0  Registros encontrados: 3  Avisos: 0  Duração de 1 consulta: 0,000 sec. */
/* 2019-09-25 15:52:42 [Laragon] */ SELECT * FROM INFORMATION_SCHEMA.COLUMNS WHERE   TABLE_NAME='vw_saude' AND TABLE_SCHEMA='lar_feliz';
/* 2019-09-25 15:52:45 [Laragon] */ SELECT s.`*`,d.nome, d.caminho_foto FROM saude s INNER JOIN dados_pessoais d ON d.id = s.fk_id_pessoal ;
/* 2019-09-25 15:52:45 [] 